<?xml version="1.0" encoding="UTF-8"?>
<testsuite xmlns:xsi="http://www.w3.org/2001/XMLSchema-instance" xsi:noNamespaceSchemaLocation="https://maven.apache.org/surefire/maven-surefire-plugin/xsd/surefire-test-report.xsd" name="runner.MyRunnerTest" time="2.26" tests="4" errors="0" skipped="0" failures="0">
  <properties>
[...]
</properties>
  <testcase name="Register with mandatory fields" classname="User Registration" time="0.291"/>
  <testcase name="Register with all fields" classname="User Registration" time="0.072"/>
  <testcase name="Register without providing any fields" classname="User Registration" time="0.139"/>
  <testcase name="Register with duplicate email address" classname="User Registration" time="0.123"/>
</testsuite>